advice given
advise given
are ruled out
Barnes
be wary of
can be discounted
case report
considered
could develop
diagnostic uncertainty
differential diagnosis
exclude
excluded
free
have been ruled out
hereditar
heredity
is a rare
is a risk
is ruled out
may experience
neither
nil
no evidence of
no indication of
no obvious sign of
no obvious signs of
no sign of
no signs of
no suggestion of
none
not
not found
not present
not seen
not sure
although
other medicines
possible
potential long term side effects
precaution
queried
rate of developing
ruled out
suspected
unlikely
was ruled out
no
is not
