aunt
aunts
aunt's
baby
baby's
brother
brother in law
brother-in-law
brothers
brother's
child
children
childrens
childs
cousin
cousins
dad
dads
dad's
daughter
daughters
family
family history
father
father in law
father-in-law
fathers
father's
friend
friends
grandaughter
granddaughter
grandfather
grandfathers
grandfather's
grandmother
grandmothers
grandmother's
grandson
husband
husbands
husband's
in her family
in his family
mom
mom's
mother
mother in law
mother-in-law
mothers
mother's
mum
mums
nephew
nephews
niece
nieces
partner
partners
person
roommate
roommate's
runs in the family
sister
sister in law
sister-in-law
sisters
sister's
son
sons
uncle
uncles
uncle's
wife
wifes
wife's
