bowel movements are difficult
bowel movements less often than normal
bowel obstruction
Can’t open bowels
cannot open bowel
constipate
constipated
constipation
difficult bowel movements
difficult evacuation of feces
Difficulty in passing stool
Difficulty in passing stools
faecal impaction
fecal impaction
few bowel movements
Hard stools
impacted faeces
Infrequent bowel movement
infrequent evacuation of feces
Not defecated
Not had a bowel movement
paralytic ileus
small stools
straining to pass stool
tough to pass stool
trouble having a bowel movement
trouble passing stool
unsatisfactory bowel movement