Anorgasmia
Cannot maintain an erection
Cannot obtain an erection
cannot satisfy boyfriend sexually
cannot satisfy girlfirend sexually
cannot satisfy husband sexually
cannot satisfy lover sexually
cannot satisfy partner sexually
Cannot satisfy wife sexually
Can't maintain an erection
Can't obtain an erection
can't satisfy boyfriend sexually
can't satisfy girlfirend sexually
can't satisfy husband sexually
can't satisfy lover sexually
can't satisfy partner sexually
Can't satisfy wife sexually
Decreased orgasm
Difficulties maintaining an erection
Difficulties obtaining an erection
Does not ejaculate
Ejaculation problems
Erectile dysfunction
Erectile problems
Failure to reach orgasm
Inability to achieve an erection
Inability to achieve an orgasm
Inability to maintain an erection
Problems with sexual function
Sexual difficulties
Sexual side effects
Trouble getting a hard on
Trouble getting an erection 
Trouble sustaining an erection