Acute insomnia
Broken sleep
Can’t sleep
cannot sleep
Chronic insomnia
Difficult getting to sleep
Difficult to sleep
Difficulty falling asleep
difficulty sleeping
Difficulty staying asleep
Disrupted sleeping patterns
Disturned sleep
Early awakening
Early morning waking (EMW)
Feeling tired after waking up
Feeling tired upon waking
Few hours of sleep
Generally tired
Insomania
Insomia
Insomnia
Light sleep
Lying awake for a long time at night
Not sleeping
Secondary insomnia
Sleep disruption
Sleeping during day
Sleepless night
Trouble going back to sleep
Trouble sleeping
Troubled sleep
Wakes up during the night
Waking up during the night
Waking up too early
Loss of sleep