Abilify
Acuphase
Aloperidin
Amisulpride
Aripiprazole
Benperidol
Bioperidolo
Brotopon
Chlorpromazine
Clopixol
Clozapine
Clozaril
Consta
Depixol
Dozic
Droperidol
Duraperidol
Einalon S
Eukystol
Flupenthixol
Fluphenazine
Haldol
Haloperidol
Halosten
Largactil
Levomepromazine
Melleril
Methotrimeprazine
Modecate
Olanzapine
Paliperidone
Peluces
Pericyazine
Perphenazine
Pimozide
Piportil
Pipotiazine
Promazine
Quetiapine
Risperdal
Risperidone
Serenace
Sigaperidol
Seroquel
Sertindole
Solian
Stelazine
Sulpiride
Symbyax
Thioridazine
Thorazine
Trifluoperazine
Zalasta
Ziprasidone
Zolafren
Zotepine
Zuclopenthixol
Zydis
Zyprexa
