Acarbose
Actrapid
Apidra 
Exenatide
glibenclamide
gliclazide
glimepiride
glipizide
GlucaGen
Humalog 
Humalog Mix25 
Humulin I 
Humulin M3 
Humulin S 
Hypurin Bovine Isophane 
Hypurin Bovine Lente 
Hypurin Bovine Neutral 
Hypurin Bovine PZI
Hypurin Porcine 30/70 
Hypurin Porcine Isophane 
Hypurin Porcine Neutral
Insulatard 
Insulin Aspart
Insulin Detemir 
Insulin Glargine 
Insulin glulisine
Insulin lispro
Insuman Basal 
Insuman Comb 
Insuman Rapid
Lantus
Levemir 
liraglutide
metformin
nateglinide
NovoMix 30 
NovoRapid 
NPH
Protamine Hagedorn
repaglinide
saxagliptin
sitagliptin
