family
person
family history
runs in the family
mother
mothers
mother in law
mother-in-law
fathers
father
father in law
father-in-law
sister in law
sister-in-law
brother in law
brother-in-law
mums
mum
dads
dad
sister
sisters
brother
brothers
friend
friends
wifes
wife
husband
husbands
partner
partners
child
childs
children
childrens
sons
son
daughter
daughters
nieces
niece
nephews
nephew
grandaughter
grandson
grandmother
grandmothers
grandfather
grandfathers
uncles
uncle
aunt
aunts
cousin
cousins
baby
baby's
