clopixol acetate
clopixol decanoate
clopixol deconate
clopixol depot
depixol decanoate
depixol deconate
depixol depot
depot clopixol
depot depixol
depot flupenthixol
depot flupentixol
depot fluphenazine
depot haldol
depot haliperidol
depot haloperidol
depot olanzapine
depot olanzepine
depot paliperidone
depot risperidone
depot zuclopenthixol
depot zuclopentixol
flupenthixol decanoate
flupenthixol deconate
flupenthixol depot
flupentixol deconate
flupentixol depot
fluphenazine deconate
fluphenazine depot
haldol deconate
haldol depot
haliperidol decanoate
haliperidol deconate
haliperidol depot
haloperidol deconate
haloperidol depot
olanzapine depot
olanzapine embonate
olanzepine depot
olanzepine embonate
paliperidone depot
paliperidone palmitate
risperidone depot
zuclopenthixol deconate
zuclopenthixol depot
zuclopentixol acetate
zuclopentixol decanoate
zuclopentixol deconate
zuclopentixol depot
